\BOOKMARK [1][]{section.0.1}{\376\377\0001\000\040\000I\000n\000t\000r\000o\000d\000u\000c\000t\000i\000o\000n}{}% 1
\BOOKMARK [2][]{subsection.0.1.1}{\376\377\0001\000.\0001\000\040\000P\000r\000o\000b\000l\000e\000m\000\040\000B\000a\000c\000k\000g\000r\000o\000u\000n\000d}{section.0.1}% 2
\BOOKMARK [2][]{subsection.0.1.2}{\376\377\0001\000.\0002\000\040\000R\000e\000s\000t\000a\000t\000e\000m\000e\000n\000t\000\040\000o\000f\000\040\000t\000h\000e\000\040\000P\000r\000o\000b\000l\000e\000m}{section.0.1}% 3
\BOOKMARK [2][]{subsection.0.1.3}{\376\377\0001\000.\0003\000\040\000L\000i\000t\000e\000r\000a\000t\000u\000r\000e\000\040\000R\000e\000v\000i\000e\000w}{section.0.1}% 4
\BOOKMARK [2][]{subsection.0.1.4}{\376\377\0001\000.\0004\000\040\000O\000u\000r\000\040\000W\000o\000r\000k}{section.0.1}% 5
\BOOKMARK [1][]{section.0.2}{\376\377\0002\000\040\000A\000s\000s\000u\000m\000p\000t\000i\000o\000n\000s\000\040\000a\000n\000d\000\040\000E\000x\000p\000l\000a\000n\000a\000t\000i\000o\000n\000s}{}% 6
\BOOKMARK [1][]{section.0.3}{\376\377\0003\000\040\000N\000o\000t\000a\000t\000i\000o\000n\000s}{}% 7
\BOOKMARK [1][]{section.0.4}{\376\377\0004\000\040\000D\000a\000t\000a\000\040\000S\000o\000u\000r\000c\000e\000s\000\040\000a\000n\000d\000\040\000P\000r\000e\000p\000r\000o\000c\000e\000s\000s\000i\000n\000g}{}% 8
\BOOKMARK [2][]{subsection.0.4.1}{\376\377\0004\000.\0001\000\040\000D\000a\000t\000a\000\040\000S\000o\000u\000r\000c\000e\000s}{section.0.4}% 9
\BOOKMARK [2][]{subsection.0.4.2}{\376\377\0004\000.\0002\000\040\000N\000A\000S\000A\000\040\000B\000a\000t\000t\000e\000r\000y\000\040\000D\000a\000t\000a\000s\000e\000t\000\040\000\050\000M\000o\000d\000e\000l\000\040\000I\000\051}{section.0.4}% 10
\BOOKMARK [2][]{subsection.0.4.3}{\376\377\0004\000.\0003\000\040\000S\000m\000a\000r\000t\000p\000h\000o\000n\000e\000\040\000P\000o\000w\000e\000r\000\040\000D\000a\000t\000a\000s\000e\000t\000\040\000\050\000M\000o\000d\000e\000l\000\040\000I\000I\000I\000\051}{section.0.4}% 11
\BOOKMARK [1][]{section.0.5}{\376\377\0005\000\040\000M\000o\000d\000e\000l\000\040\000I\000:\000\040\000D\000u\000a\000l\000-\000P\000o\000l\000a\000r\000i\000z\000a\000t\000i\000o\000n\000\040\000C\000o\000n\000t\000i\000n\000u\000o\000u\000s\000-\000T\000i\000m\000e\000\040\000B\000a\000t\000t\000e\000r\000y\000-\000C\000o\000r\000e\000\040\000M\000o\000d\000e\000l}{}% 12
\BOOKMARK [2][]{subsection.0.5.1}{\376\377\0005\000.\0001\000\040\000M\000o\000d\000e\000l\000\040\000S\000e\000l\000e\000c\000t\000i\000o\000n\000\040\000a\000n\000d\000\040\000C\000i\000r\000c\000u\000i\000t\000\040\000T\000o\000p\000o\000l\000o\000g\000y}{section.0.5}% 13
\BOOKMARK [2][]{subsection.0.5.2}{\376\377\0005\000.\0002\000\040\000C\000o\000n\000t\000i\000n\000u\000o\000u\000s\000-\000T\000i\000m\000e\000\040\000S\000t\000a\000t\000e\000-\000S\000p\000a\000c\000e\000\040\000F\000o\000r\000m\000u\000l\000a\000t\000i\000o\000n}{section.0.5}% 14
\BOOKMARK [2][]{subsection.0.5.3}{\376\377\0005\000.\0003\000\040\000P\000a\000r\000a\000m\000e\000t\000e\000r\000\040\000I\000d\000e\000n\000t\000i\000f\000i\000c\000a\000t\000i\000o\000n\000\040\000a\000n\000d\000\040\000S\000c\000a\000l\000i\000n\000g}{section.0.5}% 15
\BOOKMARK [2][]{subsection.0.5.4}{\376\377\0005\000.\0004\000\040\000N\000u\000m\000e\000r\000i\000c\000a\000l\000\040\000S\000o\000l\000u\000t\000i\000o\000n\000\040\000a\000n\000d\000\040\000T\000T\000E\000\040\000D\000e\000f\000i\000n\000i\000t\000i\000o\000n}{section.0.5}% 16
\BOOKMARK [2][]{subsection.0.5.5}{\376\377\0005\000.\0005\000\040\000V\000a\000l\000i\000d\000a\000t\000i\000o\000n\000\040\000R\000e\000s\000u\000l\000t\000s}{section.0.5}% 17
\BOOKMARK [1][]{section.0.6}{\376\377\0006\000\040\000M\000o\000d\000e\000l\000\040\000I\000I\000:\000\040\000T\000e\000m\000p\000e\000r\000a\000t\000u\000r\000e\040\023\000A\000g\000i\000n\000g\000\040\000C\000o\000-\000M\000o\000d\000u\000l\000a\000t\000e\000d\000\040\000P\000a\000r\000a\000m\000e\000t\000e\000r\000\040\000M\000o\000d\000e\000l}{}% 18
\BOOKMARK [2][]{subsection.0.6.1}{\376\377\0006\000.\0001\000\040\000M\000o\000d\000u\000l\000a\000t\000i\000o\000n\000\040\000O\000b\000j\000e\000c\000t\000i\000v\000e\000\040\000a\000n\000d\000\040\000I\000n\000t\000e\000r\000f\000a\000c\000e}{section.0.6}% 19
\BOOKMARK [2][]{subsection.0.6.2}{\376\377\0006\000.\0002\000\040\000B\000a\000s\000e\000l\000i\000n\000e\000\040\000P\000a\000r\000a\000m\000e\000t\000e\000r\000s\000\040\000b\000o\000l\000d\0000\000m\000u\000\040\000m\000u\000m\000u\000\040\000d\000o\000t\000t\000e\000d\000b\000a\000s\000e}{section.0.6}% 20
\BOOKMARK [2][]{subsection.0.6.3}{\376\377\0006\000.\0003\000\040\000T\000e\000m\000p\000e\000r\000a\000t\000u\000r\000e\000\040\000M\000o\000d\000u\000l\000a\000t\000i\000o\000n\000:\000\040\000A\000r\000r\000h\000e\000n\000i\000u\000s\000\040\000D\000e\000p\000e\000n\000d\000e\000n\000c\000e\000\040\000+\000\040\000L\000o\000w\000-\000T\000e\000m\000p\000e\000r\000a\000t\000u\000r\000e\000\040\000C\000a\000p\000a\000c\000i\000t\000y\000\040\000P\000e\000n\000a\000l\000t\000y}{section.0.6}% 21
\BOOKMARK [2][]{subsection.0.6.4}{\376\377\0006\000.\0004\000\040\000A\000g\000i\000n\000g\000\040\000M\000o\000d\000u\000l\000a\000t\000i\000o\000n\000:\000\040\000S\000O\000H\000-\000B\000a\000s\000e\000d\000\040\000C\000a\000p\000a\000c\000i\000t\000y\000\040\000F\000a\000d\000e\000\040\000a\000n\000d\000\040\000I\000m\000p\000e\000d\000a\000n\000c\000e\000\040\000G\000r\000o\000w\000t\000h}{section.0.6}% 22
\BOOKMARK [2][]{subsection.0.6.5}{\376\377\0006\000.\0005\000\040\000C\000o\000m\000b\000i\000n\000e\000d\000\040\000M\000o\000d\000u\000l\000a\000t\000i\000o\000n\000\040\000a\000n\000d\000\040\000S\000c\000e\000n\000a\000r\000i\000o\000\040\000A\000n\000a\000l\000y\000s\000i\000s}{section.0.6}% 23
\BOOKMARK [1][]{section.0.7}{\376\377\0007\000\040\000M\000o\000d\000e\000l\000\040\000I\000I\000I\000:\000\040\000C\000i\000r\000c\000a\000d\000i\000a\000n\000-\000G\000a\000t\000e\000d\000\040\000C\000T\000M\000C\000\040\000S\000t\000o\000c\000h\000a\000s\000t\000i\000c\000\040\000L\000o\000a\000d\000\040\000M\000o\000d\000e\000l}{}% 24
\BOOKMARK [2][]{subsection.0.7.1}{\376\377\0007\000.\0001\000\040\000M\000o\000t\000i\000v\000a\000t\000i\000o\000n\000\040\000a\000n\000d\000\040\000M\000o\000d\000e\000l\000i\000n\000g\000\040\000O\000b\000j\000e\000c\000t\000i\000v\000e}{section.0.7}% 25
\BOOKMARK [2][]{subsection.0.7.2}{\376\377\0007\000.\0002\000\040\000C\000T\000M\000C\000\040\000F\000r\000a\000m\000e\000w\000o\000r\000k\000\040\000a\000n\000d\000\040\000S\000t\000a\000t\000e\000\040\000S\000p\000a\000c\000e}{section.0.7}% 26
\BOOKMARK [2][]{subsection.0.7.3}{\376\377\0007\000.\0003\000\040\000C\000i\000r\000c\000a\000d\000i\000a\000n\000\040\000G\000a\000t\000i\000n\000g\000\040\000M\000e\000c\000h\000a\000n\000i\000s\000m}{section.0.7}% 27
\BOOKMARK [2][]{subsection.0.7.4}{\376\377\0007\000.\0004\000\040\000C\000u\000r\000r\000e\000n\000t\000\040\000S\000a\000m\000p\000l\000i\000n\000g\000\040\000a\000n\000d\000\040\000M\000o\000d\000e\000l\000\040\000I\000n\000t\000e\000g\000r\000a\000t\000i\000o\000n}{section.0.7}% 28
\BOOKMARK [1][]{section.0.8}{\376\377\0008\000\040\000M\000o\000d\000e\000l\000\040\000I\000V\000:\000\040\000P\000r\000o\000b\000a\000b\000i\000l\000i\000s\000t\000i\000c\000\040\000T\000T\000E\000\040\000P\000r\000e\000d\000i\000c\000t\000i\000o\000n\000\040\000v\000i\000a\000\040\000M\000o\000n\000t\000e\000\040\000C\000a\000r\000l\000o\000\040\000S\000i\000m\000u\000l\000a\000t\000i\000o\000n}{}% 29
\BOOKMARK [2][]{subsection.0.8.1}{\376\377\0008\000.\0001\000\040\000S\000y\000s\000t\000e\000m\000\040\000I\000n\000t\000e\000g\000r\000a\000t\000i\000o\000n\000\040\000F\000r\000a\000m\000e\000w\000o\000r\000k}{section.0.8}% 30
\BOOKMARK [2][]{subsection.0.8.2}{\376\377\0008\000.\0002\000\040\000M\000o\000n\000t\000e\000\040\000C\000a\000r\000l\000o\000\040\000S\000i\000m\000u\000l\000a\000t\000i\000o\000n\000\040\000A\000l\000g\000o\000r\000i\000t\000h\000m}{section.0.8}% 31
\BOOKMARK [2][]{subsection.0.8.3}{\376\377\0008\000.\0003\000\040\000T\000T\000E\000\040\000P\000r\000e\000d\000i\000c\000t\000i\000o\000n\000\040\000R\000e\000s\000u\000l\000t\000s}{section.0.8}% 32
\BOOKMARK [1][]{section.0.9}{\376\377\0009\000\040\000S\000e\000n\000s\000i\000t\000i\000v\000i\000t\000y\000\040\000A\000n\000a\000l\000y\000s\000i\000s}{}% 33
\BOOKMARK [2][]{subsection.0.9.1}{\376\377\0009\000.\0001\000\040\000E\000x\000p\000e\000r\000i\000m\000e\000n\000t\000a\000l\000\040\000D\000e\000s\000i\000g\000n}{section.0.9}% 34
\BOOKMARK [2][]{subsection.0.9.2}{\376\377\0009\000.\0002\000\040\000R\000e\000s\000u\000l\000t\000s\000\040\000a\000n\000d\000\040\000F\000a\000c\000t\000o\000r\000\040\000R\000a\000n\000k\000i\000n\000g}{section.0.9}% 35
\BOOKMARK [2][]{subsection.0.9.3}{\376\377\0009\000.\0003\000\040\000D\000e\000t\000a\000i\000l\000e\000d\000\040\000F\000a\000c\000t\000o\000r\000\040\000A\000n\000a\000l\000y\000s\000i\000s}{section.0.9}% 36
\BOOKMARK [2][]{subsection.0.9.4}{\376\377\0009\000.\0004\000\040\000S\000u\000m\000m\000a\000r\000y\000:\000\040\000U\000n\000c\000e\000r\000t\000a\000i\000n\000t\000y\000\040\000A\000t\000t\000r\000i\000b\000u\000t\000i\000o\000n}{section.0.9}% 37
\BOOKMARK [1][]{section.0.10}{\376\377\0001\0000\000\040\000E\000v\000a\000l\000u\000a\000t\000i\000o\000n\000\040\000o\000f\000\040\000S\000t\000r\000e\000n\000g\000t\000h\000s\000\040\000a\000n\000d\000\040\000W\000e\000a\000k\000n\000e\000s\000s\000e\000s}{}% 38
\BOOKMARK [2][]{subsection.0.10.1}{\376\377\0001\0000\000.\0001\000\040\000S\000t\000r\000e\000n\000g\000t\000h\000s}{section.0.10}% 39
\BOOKMARK [2][]{subsection.0.10.2}{\376\377\0001\0000\000.\0002\000\040\000W\000e\000a\000k\000n\000e\000s\000s\000e\000s\000\040\000a\000n\000d\000\040\000I\000m\000p\000r\000o\000v\000e\000m\000e\000n\000t\000s}{section.0.10}% 40
\BOOKMARK [1][]{section.0.11}{\376\377\0001\0001\000\040\000R\000e\000c\000o\000m\000m\000e\000n\000d\000a\000t\000i\000o\000n\000s}{}% 41
\BOOKMARK [1][]{section.0.12}{\376\377\000R\000e\000f\000e\000r\000e\000n\000c\000e\000s}{}% 42
\BOOKMARK [1][]{section.0.12}{\376\377\000R\000e\000p\000o\000r\000t\000\040\000o\000n\000\040\000U\000s\000e\000\040\000o\000f\000\040\000A\000I}{}% 43
